--- 동기화 시작: Mon Apr 20 22:17:42 KST 2026 ---
변경 사항 없음.
--- 동기화 종료 ---
--- 동기화 시작: Mon Apr 20 22:22:45 KST 2026 ---
변경 사항 없음.
--- 동기화 종료 ---
--- 동기화 시작: Mon Apr 20 22:27:47 KST 2026 ---
새로운 업데이트 발견! 업데이트를 적용합니다.
Updating 06cd5a1..7e7db3f
Fast-forward
 move/goal_coin/Move.toml               |  9 +++++++
 move/goal_coin/sources/goal_vault.move | 45 ++++++++++++++++++++++++++++++++++
 2 files changed, 54 insertions(+)
 create mode 100644 move/goal_coin/Move.toml
 create mode 100644 move/goal_coin/sources/goal_vault.move
업데이트 및 빌드 완료.
--- 동기화 종료 ---
--- 동기화 시작: Mon Apr 20 22:32:52 KST 2026 ---
변경 사항 없음.
--- 동기화 종료 ---
--- 동기화 시작: Mon Apr 20 22:37:54 KST 2026 ---
새로운 업데이트 발견! 업데이트를 적용합니다.
Updating 7e7db3f..f59a814
Fast-forward
 move/goal_coin/tests/goal_vault_tests.move | 39 ++++++++++++++++++++++++++++++
 1 file changed, 39 insertions(+)
 create mode 100644 move/goal_coin/tests/goal_vault_tests.move
업데이트 및 빌드 완료.
--- 동기화 종료 ---
--- 동기화 시작: Mon Apr 20 22:43:00 KST 2026 ---
변경 사항 없음.
--- 동기화 종료 ---
--- 동기화 시작: Mon Apr 20 22:48:02 KST 2026 ---
새로운 업데이트 발견! 업데이트를 적용합니다.
Updating f59a814..385da36
Fast-forward
 move/goal_coin/Move.toml                   |  1 +
 move/goal_coin/sources/goal_vault.move     | 37 +++++++++++++++++++++++++++---
 move/goal_coin/tests/goal_vault_tests.move | 15 ++----------
 3 files changed, 37 insertions(+), 16 deletions(-)
Sui Move 테스트 실행 중...
/Users/a1/goalcoin/sync_and_build.sh: line 21: sui: command not found
업데이트 및 빌드 완료.
--- 동기화 종료 ---
--- 동기화 시작: Mon Apr 20 22:53:07 KST 2026 ---
새로운 업데이트 발견! 업데이트를 적용합니다.
Updating 385da36..b273105
Fast-forward
 move/goal_coin/sources/goal_vault.move | 7 ++-----
 1 file changed, 2 insertions(+), 5 deletions(-)
Sui Move 테스트 실행 중...
/Users/a1/goalcoin/sync_and_build.sh: line 21: sui: command not found
업데이트 및 빌드 완료.
--- 동기화 종료 ---
--- 동기화 시작: Mon Apr 20 22:58:12 KST 2026 ---
새로운 업데이트 발견! 업데이트를 적용합니다.
Updating b273105..7083627
Fast-forward
 move/goal_coin/sources/goal_token.move | 29 +++++++++++++++++++++++++++++
 1 file changed, 29 insertions(+)
 create mode 100644 move/goal_coin/sources/goal_token.move
Sui Move 테스트 실행 중...
/Users/a1/goalcoin/sync_and_build.sh: line 21: sui: command not found
업데이트 및 빌드 완료.
--- 동기화 종료 ---
--- 동기화 시작: Mon Apr 20 23:03:17 KST 2026 ---
변경 사항 없음.
--- 동기화 종료 ---
--- 동기화 시작: Mon Apr 20 23:08:19 KST 2026 ---
변경 사항 없음.
--- 동기화 종료 ---
--- 동기화 시작: Mon Apr 20 23:13:22 KST 2026 ---
변경 사항 없음.
--- 동기화 종료 ---
--- 동기화 시작: Mon Apr 20 23:18:24 KST 2026 ---
변경 사항 없음.
--- 동기화 종료 ---
--- 동기화 시작: Mon Apr 20 23:23:26 KST 2026 ---
변경 사항 없음.
--- 동기화 종료 ---
--- 동기화 시작: Mon Apr 20 23:28:29 KST 2026 ---
새로운 업데이트 발견! 업데이트를 적용합니다.
Updating bf53010..3f73819
Fast-forward
 frontend/src/App.tsx | 2 +-
 1 file changed, 1 insertion(+), 1 deletion(-)
Sui Move 테스트 실행 중...
[NOTE] Dependencies on Sui, MoveStdlib, Bridge, DeepBook, and SuiSystem are automatically added, but this feature is disabled for your package because you have explicitly included dependencies on Sui. Consider removing these dependencies from `Move.toml`.
INCLUDING DEPENDENCY MoveStdlib
INCLUDING DEPENDENCY Sui
BUILDING goal_coin
warning[W02021]: duplicate alias
  ┌─ ./sources/goal_token.move:2:14
  │
2 │     use std::option;
  │              ^^^^^^ Unnecessary alias 'option' for module 'std::option'. This alias is provided by default
  │
  = This warning can be suppressed with '#[allow(duplicate_alias)]' applied to the 'module' or module member ('const', 'fun', or 'struct')

warning[W09001]: unused alias
  ┌─ ./sources/goal_token.move:3:27
  │
3 │     use sui::coin::{Self, TreasuryCap};
  │                           ^^^^^^^^^^^ Unused 'use' of alias 'TreasuryCap'. Consider removing it
  │
  = This warning can be suppressed with '#[allow(unused_use)]' applied to the 'module' or module member ('const', 'fun', or 'struct')

warning[W02021]: duplicate alias
  ┌─ ./sources/goal_token.move:4:14
  │
4 │     use sui::transfer;
  │              ^^^^^^^^ Unnecessary alias 'transfer' for module 'sui::transfer'. This alias is provided by default
  │
  = This warning can be suppressed with '#[allow(duplicate_alias)]' applied to the 'module' or module member ('const', 'fun', or 'struct')

warning[W02021]: duplicate alias
  ┌─ ./sources/goal_token.move:5:27
  │
5 │     use sui::tx_context::{Self, TxContext};
  │                           ^^^^ Unnecessary alias 'tx_context' for module 'sui::tx_context'. This alias is provided by default
  │
  = This warning can be suppressed with '#[allow(duplicate_alias)]' applied to the 'module' or module member ('const', 'fun', or 'struct')

warning[W02021]: duplicate alias
  ┌─ ./sources/goal_token.move:5:33
  │
5 │     use sui::tx_context::{Self, TxContext};
  │                                 ^^^^^^^^^ Unnecessary alias 'TxContext' for module member 'sui::tx_context::TxContext'. This alias is provided by default
  │
  = This warning can be suppressed with '#[allow(duplicate_alias)]' applied to the 'module' or module member ('const', 'fun', or 'struct')

warning[W04037]: deprecated usage
   ┌─ ./sources/goal_token.move:13:46
   │
13 │         let (treasury_cap, metadata) = coin::create_currency(
   │                                              ^^^^^^^^^^^^^^^ The function 'sui::coin::create_currency' is deprecated: Use `coin_registry::new_currency_with_otw` instead
   │
   = This warning can be suppressed with '#[allow(deprecated_usage)]' applied to the 'module' or module member ('const', 'fun', or 'struct')

Running Move unit tests
[ PASS    ] goal_coin::goal_vault_tests::test_user_deposit
Test result: OK. Total tests: 1; passed: 1; failed: 0
Total number of linter warnings suppressed: 2 (unique lints: 1)
업데이트 및 빌드 완료.
--- 동기화 종료 ---
--- 동기화 시작: Mon Apr 20 23:33:37 KST 2026 ---
변경 사항 없음.
--- 동기화 종료 ---
--- 동기화 시작: Mon Apr 20 23:38:39 KST 2026 ---
변경 사항 없음.
--- 동기화 종료 ---
--- 동기화 시작: Mon Apr 20 23:43:42 KST 2026 ---
변경 사항 없음.
--- 동기화 종료 ---
--- 동기화 시작: Mon Apr 20 23:48:44 KST 2026 ---
새로운 업데이트 발견! 업데이트를 적용합니다.
Updating 3f73819..1b5cfc7
Fast-forward
 frontend/vite.config.mts | 17 ++++++++++++-----
 1 file changed, 12 insertions(+), 5 deletions(-)
Sui Move 테스트 실행 중...
[NOTE] Dependencies on Sui, MoveStdlib, Bridge, DeepBook, and SuiSystem are automatically added, but this feature is disabled for your package because you have explicitly included dependencies on Sui. Consider removing these dependencies from `Move.toml`.
INCLUDING DEPENDENCY MoveStdlib
INCLUDING DEPENDENCY Sui
BUILDING goal_coin
warning[W02021]: duplicate alias
  ┌─ ./sources/goal_token.move:2:14
  │
2 │     use std::option;
  │              ^^^^^^ Unnecessary alias 'option' for module 'std::option'. This alias is provided by default
  │
  = This warning can be suppressed with '#[allow(duplicate_alias)]' applied to the 'module' or module member ('const', 'fun', or 'struct')

warning[W09001]: unused alias
  ┌─ ./sources/goal_token.move:3:27
  │
3 │     use sui::coin::{Self, TreasuryCap};
  │                           ^^^^^^^^^^^ Unused 'use' of alias 'TreasuryCap'. Consider removing it
  │
  = This warning can be suppressed with '#[allow(unused_use)]' applied to the 'module' or module member ('const', 'fun', or 'struct')

warning[W02021]: duplicate alias
  ┌─ ./sources/goal_token.move:4:14
  │
4 │     use sui::transfer;
  │              ^^^^^^^^ Unnecessary alias 'transfer' for module 'sui::transfer'. This alias is provided by default
  │
  = This warning can be suppressed with '#[allow(duplicate_alias)]' applied to the 'module' or module member ('const', 'fun', or 'struct')

warning[W02021]: duplicate alias
  ┌─ ./sources/goal_token.move:5:27
  │
5 │     use sui::tx_context::{Self, TxContext};
  │                           ^^^^ Unnecessary alias 'tx_context' for module 'sui::tx_context'. This alias is provided by default
  │
  = This warning can be suppressed with '#[allow(duplicate_alias)]' applied to the 'module' or module member ('const', 'fun', or 'struct')

warning[W02021]: duplicate alias
  ┌─ ./sources/goal_token.move:5:33
  │
5 │     use sui::tx_context::{Self, TxContext};
  │                                 ^^^^^^^^^ Unnecessary alias 'TxContext' for module member 'sui::tx_context::TxContext'. This alias is provided by default
  │
  = This warning can be suppressed with '#[allow(duplicate_alias)]' applied to the 'module' or module member ('const', 'fun', or 'struct')

warning[W04037]: deprecated usage
   ┌─ ./sources/goal_token.move:13:46
   │
13 │         let (treasury_cap, metadata) = coin::create_currency(
   │                                              ^^^^^^^^^^^^^^^ The function 'sui::coin::create_currency' is deprecated: Use `coin_registry::new_currency_with_otw` instead
   │
   = This warning can be suppressed with '#[allow(deprecated_usage)]' applied to the 'module' or module member ('const', 'fun', or 'struct')

Running Move unit tests
[ PASS    ] goal_coin::goal_vault_tests::test_user_deposit
Test result: OK. Total tests: 1; passed: 1; failed: 0
Total number of linter warnings suppressed: 2 (unique lints: 1)
업데이트 및 빌드 완료.
--- 동기화 종료 ---
--- 동기화 시작: Mon Apr 20 23:53:52 KST 2026 ---
변경 사항 없음.
--- 동기화 종료 ---
--- 동기화 시작: Mon Apr 20 23:58:55 KST 2026 ---
변경 사항 없음 및 서버 정상 작동 중.
--- 동기화 종료: Mon Apr 20 23:58:57 KST 2026 ---
--- 동기화 시작: Tue Apr 21 00:03:57 KST 2026 ---
변경 사항 없음 및 서버 정상 작동 중.
--- 동기화 종료: Tue Apr 21 00:04:00 KST 2026 ---
--- 동기화 시작: Tue Apr 21 00:09:00 KST 2026 ---
변경 사항 없음 및 서버 정상 작동 중.
--- 동기화 종료: Tue Apr 21 00:09:02 KST 2026 ---
--- 동기화 시작: Tue Apr 21 00:14:02 KST 2026 ---
변경 사항 없음 및 서버 정상 작동 중.
--- 동기화 종료: Tue Apr 21 00:14:05 KST 2026 ---
--- 동기화 시작: Tue Apr 21 00:19:05 KST 2026 ---
변경 사항 없음 및 서버 정상 작동 중.
--- 동기화 종료: Tue Apr 21 00:19:07 KST 2026 ---
--- 동기화 시작: Tue Apr 21 00:24:07 KST 2026 ---
변경 사항 없음 및 서버 정상 작동 중.
--- 동기화 종료: Tue Apr 21 00:24:10 KST 2026 ---
--- 동기화 시작: Tue Apr 21 00:29:10 KST 2026 ---
변경 사항 없음 및 서버 정상 작동 중.
--- 동기화 종료: Tue Apr 21 00:29:12 KST 2026 ---
--- 동기화 시작: Tue Apr 21 00:34:12 KST 2026 ---
변경 사항 없음 및 서버 정상 작동 중.
--- 동기화 종료: Tue Apr 21 00:34:14 KST 2026 ---
--- 동기화 시작: Tue Apr 21 00:39:14 KST 2026 ---
변경 사항 없음 및 서버 정상 작동 중.
--- 동기화 종료: Tue Apr 21 00:39:17 KST 2026 ---
--- 동기화 시작: Tue Apr 21 00:44:17 KST 2026 ---
변경 사항 없음 및 서버 정상 작동 중.
--- 동기화 종료: Tue Apr 21 00:44:19 KST 2026 ---
--- 동기화 시작: Tue Apr 21 00:49:19 KST 2026 ---
변경 사항 없음 및 서버 정상 작동 중.
--- 동기화 종료: Tue Apr 21 00:49:22 KST 2026 ---
--- 동기화 시작: Tue Apr 21 00:54:22 KST 2026 ---
변경 사항 없음 및 서버 정상 작동 중.
--- 동기화 종료: Tue Apr 21 00:54:24 KST 2026 ---
--- 동기화 시작: Tue Apr 21 00:59:24 KST 2026 ---
변경 사항 없음 및 서버 정상 작동 중.
--- 동기화 종료: Tue Apr 21 00:59:26 KST 2026 ---
--- 동기화 시작: Tue Apr 21 01:04:26 KST 2026 ---
변경 사항 없음 및 서버 정상 작동 중.
--- 동기화 종료: Tue Apr 21 01:04:29 KST 2026 ---
--- 동기화 시작: Tue Apr 21 01:09:29 KST 2026 ---
변경 사항 없음 및 서버 정상 작동 중.
--- 동기화 종료: Tue Apr 21 01:09:31 KST 2026 ---
--- 동기화 시작: Tue Apr 21 01:14:31 KST 2026 ---
변경 사항 없음 및 서버 정상 작동 중.
--- 동기화 종료: Tue Apr 21 01:14:34 KST 2026 ---
--- 동기화 시작: Tue Apr 21 01:19:34 KST 2026 ---
변경 사항 없음 및 서버 정상 작동 중.
--- 동기화 종료: Tue Apr 21 01:19:36 KST 2026 ---
--- 동기화 시작: Tue Apr 21 01:24:36 KST 2026 ---
변경 사항 없음 및 서버 정상 작동 중.
--- 동기화 종료: Tue Apr 21 01:24:38 KST 2026 ---
--- 동기화 시작: Tue Apr 21 01:29:38 KST 2026 ---
변경 사항 없음 및 서버 정상 작동 중.
--- 동기화 종료: Tue Apr 21 01:29:41 KST 2026 ---
--- 동기화 시작: Tue Apr 21 01:34:41 KST 2026 ---
변경 사항 없음 및 서버 정상 작동 중.
--- 동기화 종료: Tue Apr 21 01:34:43 KST 2026 ---
--- 동기화 시작: Tue Apr 21 01:39:43 KST 2026 ---
변경 사항 없음 및 서버 정상 작동 중.
--- 동기화 종료: Tue Apr 21 01:39:46 KST 2026 ---
--- 동기화 시작: Tue Apr 21 01:44:46 KST 2026 ---
변경 사항 없음 및 서버 정상 작동 중.
--- 동기화 종료: Tue Apr 21 01:44:48 KST 2026 ---
--- 동기화 시작: Tue Apr 21 01:49:48 KST 2026 ---
변경 사항 없음 및 서버 정상 작동 중.
--- 동기화 종료: Tue Apr 21 01:49:50 KST 2026 ---
--- 동기화 시작: Tue Apr 21 01:54:51 KST 2026 ---
변경 사항 없음 및 서버 정상 작동 중.
--- 동기화 종료: Tue Apr 21 01:54:53 KST 2026 ---
--- 동기화 시작: Tue Apr 21 01:59:53 KST 2026 ---
변경 사항 없음 및 서버 정상 작동 중.
--- 동기화 종료: Tue Apr 21 01:59:55 KST 2026 ---
--- 동기화 시작: Tue Apr 21 02:04:55 KST 2026 ---
변경 사항 없음 및 서버 정상 작동 중.
--- 동기화 종료: Tue Apr 21 02:04:57 KST 2026 ---
--- 동기화 시작: Tue Apr 21 02:09:57 KST 2026 ---
변경 사항 없음 및 서버 정상 작동 중.
--- 동기화 종료: Tue Apr 21 02:10:00 KST 2026 ---
--- 동기화 시작: Tue Apr 21 02:15:00 KST 2026 ---
변경 사항 없음 및 서버 정상 작동 중.
--- 동기화 종료: Tue Apr 21 02:15:02 KST 2026 ---
--- 동기화 시작: Tue Apr 21 02:20:02 KST 2026 ---
변경 사항 없음 및 서버 정상 작동 중.
--- 동기화 종료: Tue Apr 21 02:20:05 KST 2026 ---
--- 동기화 시작: Tue Apr 21 02:25:05 KST 2026 ---
변경 사항 없음 및 서버 정상 작동 중.
--- 동기화 종료: Tue Apr 21 02:25:07 KST 2026 ---
--- 동기화 시작: Tue Apr 21 02:30:07 KST 2026 ---
변경 사항 없음 및 서버 정상 작동 중.
--- 동기화 종료: Tue Apr 21 02:30:09 KST 2026 ---
--- 동기화 시작: Tue Apr 21 02:35:09 KST 2026 ---
변경 사항 없음 및 서버 정상 작동 중.
--- 동기화 종료: Tue Apr 21 02:35:12 KST 2026 ---
--- 동기화 시작: Tue Apr 21 02:40:12 KST 2026 ---
변경 사항 없음 및 서버 정상 작동 중.
--- 동기화 종료: Tue Apr 21 02:40:14 KST 2026 ---
--- 동기화 시작: Tue Apr 21 02:45:14 KST 2026 ---
변경 사항 없음 및 서버 정상 작동 중.
--- 동기화 종료: Tue Apr 21 02:45:16 KST 2026 ---
--- 동기화 시작: Tue Apr 21 02:50:16 KST 2026 ---
변경 사항 없음 및 서버 정상 작동 중.
--- 동기화 종료: Tue Apr 21 02:50:19 KST 2026 ---
--- 동기화 시작: Tue Apr 21 02:55:19 KST 2026 ---
변경 사항 없음 및 서버 정상 작동 중.
--- 동기화 종료: Tue Apr 21 02:55:21 KST 2026 ---
--- 동기화 시작: Tue Apr 21 03:00:21 KST 2026 ---
변경 사항 없음 및 서버 정상 작동 중.
--- 동기화 종료: Tue Apr 21 03:00:23 KST 2026 ---
--- 동기화 시작: Tue Apr 21 03:05:24 KST 2026 ---
변경 사항 없음 및 서버 정상 작동 중.
--- 동기화 종료: Tue Apr 21 03:05:26 KST 2026 ---
--- 동기화 시작: Tue Apr 21 03:10:26 KST 2026 ---
변경 사항 없음 및 서버 정상 작동 중.
--- 동기화 종료: Tue Apr 21 03:10:28 KST 2026 ---
--- 동기화 시작: Tue Apr 21 03:15:28 KST 2026 ---
변경 사항 없음 및 서버 정상 작동 중.
--- 동기화 종료: Tue Apr 21 03:15:31 KST 2026 ---
--- 동기화 시작: Tue Apr 21 03:20:31 KST 2026 ---
변경 사항 없음 및 서버 정상 작동 중.
--- 동기화 종료: Tue Apr 21 03:20:33 KST 2026 ---
--- 동기화 시작: Tue Apr 21 03:25:33 KST 2026 ---
변경 사항 없음 및 서버 정상 작동 중.
--- 동기화 종료: Tue Apr 21 03:25:35 KST 2026 ---
--- 동기화 시작: Tue Apr 21 03:30:36 KST 2026 ---
변경 사항 없음 및 서버 정상 작동 중.
--- 동기화 종료: Tue Apr 21 03:30:38 KST 2026 ---
--- 동기화 시작: Tue Apr 21 03:35:38 KST 2026 ---
변경 사항 없음 및 서버 정상 작동 중.
--- 동기화 종료: Tue Apr 21 03:35:40 KST 2026 ---
--- 동기화 시작: Tue Apr 21 03:40:40 KST 2026 ---
변경 사항 없음 및 서버 정상 작동 중.
--- 동기화 종료: Tue Apr 21 03:40:42 KST 2026 ---
--- 동기화 시작: Tue Apr 21 03:45:42 KST 2026 ---
변경 사항 없음 및 서버 정상 작동 중.
--- 동기화 종료: Tue Apr 21 03:45:45 KST 2026 ---
--- 동기화 시작: Tue Apr 21 03:50:45 KST 2026 ---
변경 사항 없음 및 서버 정상 작동 중.
--- 동기화 종료: Tue Apr 21 03:50:47 KST 2026 ---
--- 동기화 시작: Tue Apr 21 03:55:47 KST 2026 ---
변경 사항 없음 및 서버 정상 작동 중.
--- 동기화 종료: Tue Apr 21 03:55:50 KST 2026 ---
--- 동기화 시작: Tue Apr 21 04:00:50 KST 2026 ---
변경 사항 없음 및 서버 정상 작동 중.
--- 동기화 종료: Tue Apr 21 04:00:52 KST 2026 ---
--- 동기화 시작: Tue Apr 21 04:05:52 KST 2026 ---
변경 사항 없음 및 서버 정상 작동 중.
--- 동기화 종료: Tue Apr 21 04:05:55 KST 2026 ---
--- 동기화 시작: Tue Apr 21 04:10:55 KST 2026 ---
변경 사항 없음 및 서버 정상 작동 중.
--- 동기화 종료: Tue Apr 21 04:10:57 KST 2026 ---
--- 동기화 시작: Tue Apr 21 04:15:57 KST 2026 ---
변경 사항 없음 및 서버 정상 작동 중.
--- 동기화 종료: Tue Apr 21 04:15:59 KST 2026 ---
--- 동기화 시작: Tue Apr 21 04:20:59 KST 2026 ---
변경 사항 없음 및 서버 정상 작동 중.
--- 동기화 종료: Tue Apr 21 04:21:02 KST 2026 ---
--- 동기화 시작: Tue Apr 21 04:26:02 KST 2026 ---
변경 사항 없음 및 서버 정상 작동 중.
--- 동기화 종료: Tue Apr 21 04:26:04 KST 2026 ---
--- 동기화 시작: Tue Apr 21 04:31:04 KST 2026 ---
변경 사항 없음 및 서버 정상 작동 중.
--- 동기화 종료: Tue Apr 21 04:31:06 KST 2026 ---
--- 동기화 시작: Tue Apr 21 04:36:06 KST 2026 ---
변경 사항 없음 및 서버 정상 작동 중.
--- 동기화 종료: Tue Apr 21 04:36:09 KST 2026 ---
--- 동기화 시작: Tue Apr 21 04:41:09 KST 2026 ---
변경 사항 없음 및 서버 정상 작동 중.
--- 동기화 종료: Tue Apr 21 04:41:11 KST 2026 ---
--- 동기화 시작: Tue Apr 21 04:46:11 KST 2026 ---
변경 사항 없음 및 서버 정상 작동 중.
--- 동기화 종료: Tue Apr 21 04:46:13 KST 2026 ---
--- 동기화 시작: Tue Apr 21 04:51:13 KST 2026 ---
변경 사항 없음 및 서버 정상 작동 중.
--- 동기화 종료: Tue Apr 21 04:51:16 KST 2026 ---
--- 동기화 시작: Tue Apr 21 04:56:16 KST 2026 ---
변경 사항 없음 및 서버 정상 작동 중.
--- 동기화 종료: Tue Apr 21 04:56:18 KST 2026 ---
--- 동기화 시작: Tue Apr 21 05:01:18 KST 2026 ---
변경 사항 없음 및 서버 정상 작동 중.
--- 동기화 종료: Tue Apr 21 05:01:20 KST 2026 ---
--- 동기화 시작: Tue Apr 21 05:06:20 KST 2026 ---
변경 사항 없음 및 서버 정상 작동 중.
--- 동기화 종료: Tue Apr 21 05:06:22 KST 2026 ---
--- 동기화 시작: Tue Apr 21 05:11:22 KST 2026 ---
변경 사항 없음 및 서버 정상 작동 중.
--- 동기화 종료: Tue Apr 21 05:11:25 KST 2026 ---
--- 동기화 시작: Tue Apr 21 05:16:25 KST 2026 ---
변경 사항 없음 및 서버 정상 작동 중.
--- 동기화 종료: Tue Apr 21 05:16:27 KST 2026 ---
--- 동기화 시작: Tue Apr 21 05:21:27 KST 2026 ---
변경 사항 없음 및 서버 정상 작동 중.
--- 동기화 종료: Tue Apr 21 05:21:30 KST 2026 ---
--- 동기화 시작: Tue Apr 21 05:26:30 KST 2026 ---
변경 사항 없음 및 서버 정상 작동 중.
--- 동기화 종료: Tue Apr 21 05:26:32 KST 2026 ---
--- 동기화 시작: Tue Apr 21 05:31:32 KST 2026 ---
변경 사항 없음 및 서버 정상 작동 중.
--- 동기화 종료: Tue Apr 21 05:31:34 KST 2026 ---
--- 동기화 시작: Tue Apr 21 05:36:34 KST 2026 ---
변경 사항 없음 및 서버 정상 작동 중.
--- 동기화 종료: Tue Apr 21 05:36:37 KST 2026 ---
--- 동기화 시작: Tue Apr 21 05:41:37 KST 2026 ---
변경 사항 없음 및 서버 정상 작동 중.
--- 동기화 종료: Tue Apr 21 05:41:39 KST 2026 ---
--- 동기화 시작: Tue Apr 21 05:46:39 KST 2026 ---
변경 사항 없음 및 서버 정상 작동 중.
--- 동기화 종료: Tue Apr 21 05:46:42 KST 2026 ---
--- 동기화 시작: Tue Apr 21 05:51:42 KST 2026 ---
변경 사항 없음 및 서버 정상 작동 중.
--- 동기화 종료: Tue Apr 21 05:51:44 KST 2026 ---
--- 동기화 시작: Tue Apr 21 05:56:44 KST 2026 ---
변경 사항 없음 및 서버 정상 작동 중.
--- 동기화 종료: Tue Apr 21 05:56:46 KST 2026 ---
--- 동기화 시작: Tue Apr 21 06:01:46 KST 2026 ---
변경 사항 없음 및 서버 정상 작동 중.
--- 동기화 종료: Tue Apr 21 06:01:48 KST 2026 ---
--- 동기화 시작: Tue Apr 21 06:06:49 KST 2026 ---
변경 사항 없음 및 서버 정상 작동 중.
--- 동기화 종료: Tue Apr 21 06:06:51 KST 2026 ---
--- 동기화 시작: Tue Apr 21 06:11:51 KST 2026 ---
변경 사항 없음 및 서버 정상 작동 중.
--- 동기화 종료: Tue Apr 21 06:11:53 KST 2026 ---
--- 동기화 시작: Tue Apr 21 06:16:53 KST 2026 ---
변경 사항 없음 및 서버 정상 작동 중.
--- 동기화 종료: Tue Apr 21 06:16:55 KST 2026 ---
--- 동기화 시작: Tue Apr 21 06:21:55 KST 2026 ---
변경 사항 없음 및 서버 정상 작동 중.
--- 동기화 종료: Tue Apr 21 06:21:58 KST 2026 ---
--- 동기화 시작: Tue Apr 21 06:26:58 KST 2026 ---
변경 사항 없음 및 서버 정상 작동 중.
--- 동기화 종료: Tue Apr 21 06:27:00 KST 2026 ---
--- 동기화 시작: Tue Apr 21 06:32:01 KST 2026 ---
변경 사항 없음 및 서버 정상 작동 중.
--- 동기화 종료: Tue Apr 21 06:32:03 KST 2026 ---
--- 동기화 시작: Tue Apr 21 06:37:03 KST 2026 ---
변경 사항 없음 및 서버 정상 작동 중.
--- 동기화 종료: Tue Apr 21 06:37:05 KST 2026 ---
--- 동기화 시작: Tue Apr 21 06:42:05 KST 2026 ---
변경 사항 없음 및 서버 정상 작동 중.
--- 동기화 종료: Tue Apr 21 06:42:07 KST 2026 ---
--- 동기화 시작: Tue Apr 21 06:47:07 KST 2026 ---
변경 사항 없음 및 서버 정상 작동 중.
--- 동기화 종료: Tue Apr 21 06:47:10 KST 2026 ---
--- 동기화 시작: Tue Apr 21 06:52:10 KST 2026 ---
변경 사항 없음 및 서버 정상 작동 중.
--- 동기화 종료: Tue Apr 21 06:52:12 KST 2026 ---
--- 동기화 시작: Tue Apr 21 06:57:12 KST 2026 ---
변경 사항 없음 및 서버 정상 작동 중.
--- 동기화 종료: Tue Apr 21 06:57:14 KST 2026 ---
--- 동기화 시작: Tue Apr 21 07:02:14 KST 2026 ---
변경 사항 없음 및 서버 정상 작동 중.
--- 동기화 종료: Tue Apr 21 07:02:17 KST 2026 ---
--- 동기화 시작: Tue Apr 21 07:07:17 KST 2026 ---
변경 사항 없음 및 서버 정상 작동 중.
--- 동기화 종료: Tue Apr 21 07:07:19 KST 2026 ---
--- 동기화 시작: Tue Apr 21 07:12:19 KST 2026 ---
변경 사항 없음 및 서버 정상 작동 중.
--- 동기화 종료: Tue Apr 21 07:12:21 KST 2026 ---
--- 동기화 시작: Tue Apr 21 07:17:21 KST 2026 ---
변경 사항 없음 및 서버 정상 작동 중.
--- 동기화 종료: Tue Apr 21 07:17:24 KST 2026 ---
--- 동기화 시작: Tue Apr 21 07:22:24 KST 2026 ---
변경 사항 없음 및 서버 정상 작동 중.
--- 동기화 종료: Tue Apr 21 07:22:26 KST 2026 ---
--- 동기화 시작: Tue Apr 21 07:27:26 KST 2026 ---
변경 사항 없음 및 서버 정상 작동 중.
--- 동기화 종료: Tue Apr 21 07:27:28 KST 2026 ---
--- 동기화 시작: Tue Apr 21 07:32:28 KST 2026 ---
변경 사항 없음 및 서버 정상 작동 중.
--- 동기화 종료: Tue Apr 21 07:32:31 KST 2026 ---
--- 동기화 시작: Tue Apr 21 07:37:31 KST 2026 ---
변경 사항 없음 및 서버 정상 작동 중.
--- 동기화 종료: Tue Apr 21 07:37:33 KST 2026 ---
--- 동기화 시작: Tue Apr 21 07:42:33 KST 2026 ---
변경 사항 없음 및 서버 정상 작동 중.
--- 동기화 종료: Tue Apr 21 07:42:35 KST 2026 ---
--- 동기화 시작: Tue Apr 21 07:47:35 KST 2026 ---
변경 사항 없음 및 서버 정상 작동 중.
--- 동기화 종료: Tue Apr 21 07:47:38 KST 2026 ---
--- 동기화 시작: Tue Apr 21 07:52:38 KST 2026 ---
변경 사항 없음 및 서버 정상 작동 중.
--- 동기화 종료: Tue Apr 21 07:52:40 KST 2026 ---
--- 동기화 시작: Tue Apr 21 07:57:40 KST 2026 ---
변경 사항 없음 및 서버 정상 작동 중.
--- 동기화 종료: Tue Apr 21 07:57:42 KST 2026 ---
--- 동기화 시작: Tue Apr 21 08:02:42 KST 2026 ---
변경 사항 없음 및 서버 정상 작동 중.
--- 동기화 종료: Tue Apr 21 08:02:45 KST 2026 ---
--- 동기화 시작: Tue Apr 21 08:07:45 KST 2026 ---
변경 사항 없음 및 서버 정상 작동 중.
--- 동기화 종료: Tue Apr 21 08:07:47 KST 2026 ---
--- 동기화 시작: Tue Apr 21 08:12:47 KST 2026 ---
변경 사항 없음 및 서버 정상 작동 중.
--- 동기화 종료: Tue Apr 21 08:12:49 KST 2026 ---
--- 동기화 시작: Tue Apr 21 08:17:49 KST 2026 ---
변경 사항 없음 및 서버 정상 작동 중.
--- 동기화 종료: Tue Apr 21 08:17:52 KST 2026 ---
--- 동기화 시작: Tue Apr 21 08:22:52 KST 2026 ---
변경 사항 없음 및 서버 정상 작동 중.
--- 동기화 종료: Tue Apr 21 08:22:54 KST 2026 ---
--- 동기화 시작: Tue Apr 21 08:27:54 KST 2026 ---
변경 사항 없음 및 서버 정상 작동 중.
--- 동기화 종료: Tue Apr 21 08:27:56 KST 2026 ---
--- 동기화 시작: Tue Apr 21 08:32:56 KST 2026 ---
변경 사항 없음 및 서버 정상 작동 중.
--- 동기화 종료: Tue Apr 21 08:32:59 KST 2026 ---
--- 동기화 시작: Tue Apr 21 08:37:59 KST 2026 ---
변경 사항 없음 및 서버 정상 작동 중.
--- 동기화 종료: Tue Apr 21 08:38:01 KST 2026 ---
--- 동기화 시작: Tue Apr 21 08:43:01 KST 2026 ---
변경 사항 없음 및 서버 정상 작동 중.
--- 동기화 종료: Tue Apr 21 08:43:03 KST 2026 ---
--- 동기화 시작: Tue Apr 21 08:48:03 KST 2026 ---
변경 사항 없음 및 서버 정상 작동 중.
--- 동기화 종료: Tue Apr 21 08:48:06 KST 2026 ---
--- 동기화 시작: Tue Apr 21 08:53:06 KST 2026 ---
새로운 업데이트 발견! 업데이트를 적용합니다.
Updating 1b5cfc7..0e0c26c
Fast-forward
 frontend/src/App.tsx | 68 ++++++++++++++++++++++++++++++++++++++++++----------
 1 file changed, 56 insertions(+), 12 deletions(-)
Sui Move 테스트 실행 중...
[NOTE] Dependencies on Sui, MoveStdlib, Bridge, DeepBook, and SuiSystem are automatically added, but this feature is disabled for your package because you have explicitly included dependencies on Sui. Consider removing these dependencies from `Move.toml`.
INCLUDING DEPENDENCY MoveStdlib
INCLUDING DEPENDENCY Sui
BUILDING goal_coin
warning[W02021]: duplicate alias
  ┌─ ./sources/goal_token.move:2:14
  │
2 │     use std::option;
  │              ^^^^^^ Unnecessary alias 'option' for module 'std::option'. This alias is provided by default
  │
  = This warning can be suppressed with '#[allow(duplicate_alias)]' applied to the 'module' or module member ('const', 'fun', or 'struct')

warning[W09001]: unused alias
  ┌─ ./sources/goal_token.move:3:27
  │
3 │     use sui::coin::{Self, TreasuryCap};
  │                           ^^^^^^^^^^^ Unused 'use' of alias 'TreasuryCap'. Consider removing it
  │
  = This warning can be suppressed with '#[allow(unused_use)]' applied to the 'module' or module member ('const', 'fun', or 'struct')

warning[W02021]: duplicate alias
  ┌─ ./sources/goal_token.move:4:14
  │
4 │     use sui::transfer;
  │              ^^^^^^^^ Unnecessary alias 'transfer' for module 'sui::transfer'. This alias is provided by default
  │
  = This warning can be suppressed with '#[allow(duplicate_alias)]' applied to the 'module' or module member ('const', 'fun', or 'struct')

warning[W02021]: duplicate alias
  ┌─ ./sources/goal_token.move:5:27
  │
5 │     use sui::tx_context::{Self, TxContext};
  │                           ^^^^ Unnecessary alias 'tx_context' for module 'sui::tx_context'. This alias is provided by default
  │
  = This warning can be suppressed with '#[allow(duplicate_alias)]' applied to the 'module' or module member ('const', 'fun', or 'struct')

warning[W02021]: duplicate alias
  ┌─ ./sources/goal_token.move:5:33
  │
5 │     use sui::tx_context::{Self, TxContext};
  │                                 ^^^^^^^^^ Unnecessary alias 'TxContext' for module member 'sui::tx_context::TxContext'. This alias is provided by default
  │
  = This warning can be suppressed with '#[allow(duplicate_alias)]' applied to the 'module' or module member ('const', 'fun', or 'struct')

warning[W04037]: deprecated usage
   ┌─ ./sources/goal_token.move:13:46
   │
13 │         let (treasury_cap, metadata) = coin::create_currency(
   │                                              ^^^^^^^^^^^^^^^ The function 'sui::coin::create_currency' is deprecated: Use `coin_registry::new_currency_with_otw` instead
   │
   = This warning can be suppressed with '#[allow(deprecated_usage)]' applied to the 'module' or module member ('const', 'fun', or 'struct')

Running Move unit tests
[ PASS    ] goal_coin::goal_vault_tests::test_user_deposit
Test result: OK. Total tests: 1; passed: 1; failed: 0
Total number of linter warnings suppressed: 2 (unique lints: 1)
프론트엔드 패키지 업데이트 확인 중...

up to date, audited 116 packages in 348ms

25 packages are looking for funding
  run `npm fund` for details

found 0 vulnerabilities
기존 서버(PID: 44960)를 종료합니다.
프론트엔드 서버를 시작합니다...
서버 시작 완료 (Port: 3001)
--- 동기화 종료: Tue Apr 21 08:53:17 KST 2026 ---
--- 동기화 시작: Tue Apr 21 08:58:17 KST 2026 ---
새로운 업데이트 발견! 업데이트를 적용합니다.
Updating 0e0c26c..c0de5e0
Fast-forward
 frontend/src/index.css | 138 ++++++++++++++++++++++++++++++++++++-------------
 1 file changed, 102 insertions(+), 36 deletions(-)
Sui Move 테스트 실행 중...
[NOTE] Dependencies on Sui, MoveStdlib, Bridge, DeepBook, and SuiSystem are automatically added, but this feature is disabled for your package because you have explicitly included dependencies on Sui. Consider removing these dependencies from `Move.toml`.
INCLUDING DEPENDENCY MoveStdlib
INCLUDING DEPENDENCY Sui
BUILDING goal_coin
warning[W02021]: duplicate alias
  ┌─ ./sources/goal_token.move:2:14
  │
2 │     use std::option;
  │              ^^^^^^ Unnecessary alias 'option' for module 'std::option'. This alias is provided by default
  │
  = This warning can be suppressed with '#[allow(duplicate_alias)]' applied to the 'module' or module member ('const', 'fun', or 'struct')

warning[W09001]: unused alias
  ┌─ ./sources/goal_token.move:3:27
  │
3 │     use sui::coin::{Self, TreasuryCap};
  │                           ^^^^^^^^^^^ Unused 'use' of alias 'TreasuryCap'. Consider removing it
  │
  = This warning can be suppressed with '#[allow(unused_use)]' applied to the 'module' or module member ('const', 'fun', or 'struct')

warning[W02021]: duplicate alias
  ┌─ ./sources/goal_token.move:4:14
  │
4 │     use sui::transfer;
  │              ^^^^^^^^ Unnecessary alias 'transfer' for module 'sui::transfer'. This alias is provided by default
  │
  = This warning can be suppressed with '#[allow(duplicate_alias)]' applied to the 'module' or module member ('const', 'fun', or 'struct')

warning[W02021]: duplicate alias
  ┌─ ./sources/goal_token.move:5:27
  │
5 │     use sui::tx_context::{Self, TxContext};
  │                           ^^^^ Unnecessary alias 'tx_context' for module 'sui::tx_context'. This alias is provided by default
  │
  = This warning can be suppressed with '#[allow(duplicate_alias)]' applied to the 'module' or module member ('const', 'fun', or 'struct')

warning[W02021]: duplicate alias
  ┌─ ./sources/goal_token.move:5:33
  │
5 │     use sui::tx_context::{Self, TxContext};
  │                                 ^^^^^^^^^ Unnecessary alias 'TxContext' for module member 'sui::tx_context::TxContext'. This alias is provided by default
  │
  = This warning can be suppressed with '#[allow(duplicate_alias)]' applied to the 'module' or module member ('const', 'fun', or 'struct')

warning[W04037]: deprecated usage
   ┌─ ./sources/goal_token.move:13:46
   │
13 │         let (treasury_cap, metadata) = coin::create_currency(
   │                                              ^^^^^^^^^^^^^^^ The function 'sui::coin::create_currency' is deprecated: Use `coin_registry::new_currency_with_otw` instead
   │
   = This warning can be suppressed with '#[allow(deprecated_usage)]' applied to the 'module' or module member ('const', 'fun', or 'struct')

Running Move unit tests
[ PASS    ] goal_coin::goal_vault_tests::test_user_deposit
Test result: OK. Total tests: 1; passed: 1; failed: 0
Total number of linter warnings suppressed: 2 (unique lints: 1)
프론트엔드 패키지 업데이트 확인 중...

up to date, audited 116 packages in 318ms

25 packages are looking for funding
  run `npm fund` for details

found 0 vulnerabilities
프론트엔드 서버를 시작합니다...
서버 시작 완료 (Port: 3001)
--- 동기화 종료: Tue Apr 21 08:58:25 KST 2026 ---
--- 동기화 시작: Tue Apr 21 09:03:25 KST 2026 ---
코드는 최신이지만 서버가 꺼져 있어 재시작합니다.
프론트엔드 서버를 시작합니다...
서버 시작 완료 (Port: 3001)
--- 동기화 종료: Tue Apr 21 09:03:28 KST 2026 ---
--- 동기화 시작: Tue Apr 21 09:08:28 KST 2026 ---
코드는 최신이지만 서버가 꺼져 있어 재시작합니다.
프론트엔드 서버를 시작합니다...
서버 시작 완료 (Port: 3001)
--- 동기화 종료: Tue Apr 21 09:08:30 KST 2026 ---
--- 동기화 시작: Tue Apr 21 09:13:30 KST 2026 ---
새로운 업데이트 발견! 업데이트를 적용합니다.
Updating c0de5e0..c8438af
Fast-forward
 frontend/src/App.tsx | 89 +++++++++++++++++++++++++++++++++-------------------
 1 file changed, 56 insertions(+), 33 deletions(-)
Sui Move 테스트 실행 중...
[NOTE] Dependencies on Sui, MoveStdlib, Bridge, DeepBook, and SuiSystem are automatically added, but this feature is disabled for your package because you have explicitly included dependencies on Sui. Consider removing these dependencies from `Move.toml`.
INCLUDING DEPENDENCY MoveStdlib
INCLUDING DEPENDENCY Sui
BUILDING goal_coin
warning[W02021]: duplicate alias
  ┌─ ./sources/goal_token.move:2:14
  │
2 │     use std::option;
  │              ^^^^^^ Unnecessary alias 'option' for module 'std::option'. This alias is provided by default
  │
  = This warning can be suppressed with '#[allow(duplicate_alias)]' applied to the 'module' or module member ('const', 'fun', or 'struct')

warning[W09001]: unused alias
  ┌─ ./sources/goal_token.move:3:27
  │
3 │     use sui::coin::{Self, TreasuryCap};
  │                           ^^^^^^^^^^^ Unused 'use' of alias 'TreasuryCap'. Consider removing it
  │
  = This warning can be suppressed with '#[allow(unused_use)]' applied to the 'module' or module member ('const', 'fun', or 'struct')

warning[W02021]: duplicate alias
  ┌─ ./sources/goal_token.move:4:14
  │
4 │     use sui::transfer;
  │              ^^^^^^^^ Unnecessary alias 'transfer' for module 'sui::transfer'. This alias is provided by default
  │
  = This warning can be suppressed with '#[allow(duplicate_alias)]' applied to the 'module' or module member ('const', 'fun', or 'struct')

warning[W02021]: duplicate alias
  ┌─ ./sources/goal_token.move:5:27
  │
5 │     use sui::tx_context::{Self, TxContext};
  │                           ^^^^ Unnecessary alias 'tx_context' for module 'sui::tx_context'. This alias is provided by default
  │
  = This warning can be suppressed with '#[allow(duplicate_alias)]' applied to the 'module' or module member ('const', 'fun', or 'struct')

warning[W02021]: duplicate alias
  ┌─ ./sources/goal_token.move:5:33
  │
5 │     use sui::tx_context::{Self, TxContext};
  │                                 ^^^^^^^^^ Unnecessary alias 'TxContext' for module member 'sui::tx_context::TxContext'. This alias is provided by default
  │
  = This warning can be suppressed with '#[allow(duplicate_alias)]' applied to the 'module' or module member ('const', 'fun', or 'struct')

warning[W04037]: deprecated usage
   ┌─ ./sources/goal_token.move:13:46
   │
13 │         let (treasury_cap, metadata) = coin::create_currency(
   │                                              ^^^^^^^^^^^^^^^ The function 'sui::coin::create_currency' is deprecated: Use `coin_registry::new_currency_with_otw` instead
   │
   = This warning can be suppressed with '#[allow(deprecated_usage)]' applied to the 'module' or module member ('const', 'fun', or 'struct')

Running Move unit tests
[ PASS    ] goal_coin::goal_vault_tests::test_user_deposit
Test result: OK. Total tests: 1; passed: 1; failed: 0
Total number of linter warnings suppressed: 2 (unique lints: 1)
프론트엔드 패키지 업데이트 확인 중...

up to date, audited 116 packages in 320ms

25 packages are looking for funding
  run `npm fund` for details

found 0 vulnerabilities
프론트엔드 서버를 시작합니다...
서버 시작 완료 (Port: 3001)
--- 동기화 종료: Tue Apr 21 09:13:37 KST 2026 ---
--- 동기화 시작: Tue Apr 21 09:18:37 KST 2026 ---
변경 사항 없음 및 서버 정상 작동 중.
--- 동기화 종료: Tue Apr 21 09:18:39 KST 2026 ---
--- 동기화 시작: Tue Apr 21 09:23:39 KST 2026 ---
변경 사항 없음 및 서버 정상 작동 중.
--- 동기화 종료: Tue Apr 21 09:23:42 KST 2026 ---
--- 동기화 시작: Tue Apr 21 09:28:42 KST 2026 ---
변경 사항 없음 및 서버 정상 작동 중.
--- 동기화 종료: Tue Apr 21 09:28:44 KST 2026 ---
--- 동기화 시작: Tue Apr 21 09:33:44 KST 2026 ---
코드는 최신이지만 서버가 꺼져 있어 재시작합니다.
프론트엔드 서버를 시작합니다...
서버 시작 완료 (Port: 3001)
--- 동기화 종료: Tue Apr 21 09:33:46 KST 2026 ---
--- 동기화 시작: Tue Apr 21 09:38:46 KST 2026 ---
새로운 업데이트 발견! 업데이트를 적용합니다.
Updating c8438af..3fb2a63
Fast-forward
 frontend/index.html   |  3 +++
 frontend/src/main.tsx | 34 +++++++++++++++++++++++-----------
 2 files changed, 26 insertions(+), 11 deletions(-)
Sui Move 테스트 실행 중...
[NOTE] Dependencies on Sui, MoveStdlib, Bridge, DeepBook, and SuiSystem are automatically added, but this feature is disabled for your package because you have explicitly included dependencies on Sui. Consider removing these dependencies from `Move.toml`.
INCLUDING DEPENDENCY MoveStdlib
INCLUDING DEPENDENCY Sui
BUILDING goal_coin
warning[W02021]: duplicate alias
  ┌─ ./sources/goal_token.move:2:14
  │
2 │     use std::option;
  │              ^^^^^^ Unnecessary alias 'option' for module 'std::option'. This alias is provided by default
  │
  = This warning can be suppressed with '#[allow(duplicate_alias)]' applied to the 'module' or module member ('const', 'fun', or 'struct')

warning[W09001]: unused alias
  ┌─ ./sources/goal_token.move:3:27
  │
3 │     use sui::coin::{Self, TreasuryCap};
  │                           ^^^^^^^^^^^ Unused 'use' of alias 'TreasuryCap'. Consider removing it
  │
  = This warning can be suppressed with '#[allow(unused_use)]' applied to the 'module' or module member ('const', 'fun', or 'struct')

warning[W02021]: duplicate alias
  ┌─ ./sources/goal_token.move:4:14
  │
4 │     use sui::transfer;
  │              ^^^^^^^^ Unnecessary alias 'transfer' for module 'sui::transfer'. This alias is provided by default
  │
  = This warning can be suppressed with '#[allow(duplicate_alias)]' applied to the 'module' or module member ('const', 'fun', or 'struct')

warning[W02021]: duplicate alias
  ┌─ ./sources/goal_token.move:5:27
  │
5 │     use sui::tx_context::{Self, TxContext};
  │                           ^^^^ Unnecessary alias 'tx_context' for module 'sui::tx_context'. This alias is provided by default
  │
  = This warning can be suppressed with '#[allow(duplicate_alias)]' applied to the 'module' or module member ('const', 'fun', or 'struct')

warning[W02021]: duplicate alias
  ┌─ ./sources/goal_token.move:5:33
  │
5 │     use sui::tx_context::{Self, TxContext};
  │                                 ^^^^^^^^^ Unnecessary alias 'TxContext' for module member 'sui::tx_context::TxContext'. This alias is provided by default
  │
  = This warning can be suppressed with '#[allow(duplicate_alias)]' applied to the 'module' or module member ('const', 'fun', or 'struct')

warning[W04037]: deprecated usage
   ┌─ ./sources/goal_token.move:13:46
   │
13 │         let (treasury_cap, metadata) = coin::create_currency(
   │                                              ^^^^^^^^^^^^^^^ The function 'sui::coin::create_currency' is deprecated: Use `coin_registry::new_currency_with_otw` instead
   │
   = This warning can be suppressed with '#[allow(deprecated_usage)]' applied to the 'module' or module member ('const', 'fun', or 'struct')

Running Move unit tests
[ PASS    ] goal_coin::goal_vault_tests::test_user_deposit
Test result: OK. Total tests: 1; passed: 1; failed: 0
Total number of linter warnings suppressed: 2 (unique lints: 1)
프론트엔드 패키지 업데이트 확인 중...

up to date, audited 214 packages in 378ms

26 packages are looking for funding
  run `npm fund` for details

found 0 vulnerabilities
기존 서버(PID: 59574)를 종료합니다.
프론트엔드 서버를 시작합니다...
서버 시작 완료 (Port: 3001)
--- 동기화 종료: Tue Apr 21 09:38:55 KST 2026 ---
--- 동기화 시작: Tue Apr 21 09:43:56 KST 2026 ---
코드는 최신이지만 서버가 꺼져 있어 재시작합니다.
프론트엔드 서버를 시작합니다...
서버 시작 완료 (Port: 3001)
--- 동기화 종료: Tue Apr 21 09:43:58 KST 2026 ---
--- 동기화 시작: Tue Apr 21 09:48:58 KST 2026 ---
새로운 업데이트 발견! 업데이트를 적용합니다.
Updating 3fb2a63..ac5802d
Fast-forward
 frontend/src/index.css | 138 +++++++++++++------------------------------------
 1 file changed, 36 insertions(+), 102 deletions(-)
Sui Move 테스트 실행 중...
[NOTE] Dependencies on Sui, MoveStdlib, Bridge, DeepBook, and SuiSystem are automatically added, but this feature is disabled for your package because you have explicitly included dependencies on Sui. Consider removing these dependencies from `Move.toml`.
INCLUDING DEPENDENCY MoveStdlib
INCLUDING DEPENDENCY Sui
BUILDING goal_coin
warning[W02021]: duplicate alias
  ┌─ ./sources/goal_token.move:2:14
  │
2 │     use std::option;
  │              ^^^^^^ Unnecessary alias 'option' for module 'std::option'. This alias is provided by default
  │
  = This warning can be suppressed with '#[allow(duplicate_alias)]' applied to the 'module' or module member ('const', 'fun', or 'struct')

warning[W09001]: unused alias
  ┌─ ./sources/goal_token.move:3:27
  │
3 │     use sui::coin::{Self, TreasuryCap};
  │                           ^^^^^^^^^^^ Unused 'use' of alias 'TreasuryCap'. Consider removing it
  │
  = This warning can be suppressed with '#[allow(unused_use)]' applied to the 'module' or module member ('const', 'fun', or 'struct')

warning[W02021]: duplicate alias
  ┌─ ./sources/goal_token.move:4:14
  │
4 │     use sui::transfer;
  │              ^^^^^^^^ Unnecessary alias 'transfer' for module 'sui::transfer'. This alias is provided by default
  │
  = This warning can be suppressed with '#[allow(duplicate_alias)]' applied to the 'module' or module member ('const', 'fun', or 'struct')

warning[W02021]: duplicate alias
  ┌─ ./sources/goal_token.move:5:27
  │
5 │     use sui::tx_context::{Self, TxContext};
  │                           ^^^^ Unnecessary alias 'tx_context' for module 'sui::tx_context'. This alias is provided by default
  │
  = This warning can be suppressed with '#[allow(duplicate_alias)]' applied to the 'module' or module member ('const', 'fun', or 'struct')

warning[W02021]: duplicate alias
  ┌─ ./sources/goal_token.move:5:33
  │
5 │     use sui::tx_context::{Self, TxContext};
  │                                 ^^^^^^^^^ Unnecessary alias 'TxContext' for module member 'sui::tx_context::TxContext'. This alias is provided by default
  │
  = This warning can be suppressed with '#[allow(duplicate_alias)]' applied to the 'module' or module member ('const', 'fun', or 'struct')

warning[W04037]: deprecated usage
   ┌─ ./sources/goal_token.move:13:46
   │
13 │         let (treasury_cap, metadata) = coin::create_currency(
   │                                              ^^^^^^^^^^^^^^^ The function 'sui::coin::create_currency' is deprecated: Use `coin_registry::new_currency_with_otw` instead
   │
   = This warning can be suppressed with '#[allow(deprecated_usage)]' applied to the 'module' or module member ('const', 'fun', or 'struct')

Running Move unit tests
[ PASS    ] goal_coin::goal_vault_tests::test_user_deposit
Test result: OK. Total tests: 1; passed: 1; failed: 0
Total number of linter warnings suppressed: 2 (unique lints: 1)
프론트엔드 패키지 업데이트 확인 중...

up to date, audited 214 packages in 389ms

26 packages are looking for funding
  run `npm fund` for details

found 0 vulnerabilities
프론트엔드 서버를 시작합니다...
서버 시작 완료 (Port: 3001)
--- 동기화 종료: Tue Apr 21 09:49:05 KST 2026 ---
--- 동기화 시작: Tue Apr 21 09:54:05 KST 2026 ---
변경 사항 없음 및 서버 정상 작동 중.
--- 동기화 종료: Tue Apr 21 09:54:07 KST 2026 ---
--- 동기화 시작: Tue Apr 21 09:59:07 KST 2026 ---
변경 사항 없음 및 서버 정상 작동 중.
--- 동기화 종료: Tue Apr 21 09:59:09 KST 2026 ---
--- 동기화 시작: Tue Apr 21 10:04:10 KST 2026 ---
변경 사항 없음 및 서버 정상 작동 중.
--- 동기화 종료: Tue Apr 21 10:04:12 KST 2026 ---
--- 동기화 시작: Tue Apr 21 10:09:12 KST 2026 ---
변경 사항 없음 및 서버 정상 작동 중.
--- 동기화 종료: Tue Apr 21 10:09:14 KST 2026 ---
--- 동기화 시작: Tue Apr 21 10:14:14 KST 2026 ---
변경 사항 없음 및 서버 정상 작동 중.
--- 동기화 종료: Tue Apr 21 10:14:16 KST 2026 ---
--- 동기화 시작: Tue Apr 21 10:19:16 KST 2026 ---
변경 사항 없음 및 서버 정상 작동 중.
--- 동기화 종료: Tue Apr 21 10:19:19 KST 2026 ---
--- 동기화 시작: Tue Apr 21 10:24:19 KST 2026 ---
변경 사항 없음 및 서버 정상 작동 중.
--- 동기화 종료: Tue Apr 21 10:24:21 KST 2026 ---
--- 동기화 시작: Tue Apr 21 10:29:21 KST 2026 ---
변경 사항 없음 및 서버 정상 작동 중.
--- 동기화 종료: Tue Apr 21 10:29:24 KST 2026 ---
--- 동기화 시작: Tue Apr 21 10:34:24 KST 2026 ---
변경 사항 없음 및 서버 정상 작동 중.
--- 동기화 종료: Tue Apr 21 10:34:26 KST 2026 ---
--- 동기화 시작: Tue Apr 21 10:39:26 KST 2026 ---
변경 사항 없음 및 서버 정상 작동 중.
--- 동기화 종료: Tue Apr 21 10:39:29 KST 2026 ---
--- 동기화 시작: Tue Apr 21 10:44:29 KST 2026 ---
변경 사항 없음 및 서버 정상 작동 중.
--- 동기화 종료: Tue Apr 21 10:44:31 KST 2026 ---
--- 동기화 시작: Tue Apr 21 10:49:31 KST 2026 ---
변경 사항 없음 및 서버 정상 작동 중.
--- 동기화 종료: Tue Apr 21 10:49:34 KST 2026 ---
--- 동기화 시작: Tue Apr 21 10:54:34 KST 2026 ---
변경 사항 없음 및 서버 정상 작동 중.
--- 동기화 종료: Tue Apr 21 10:54:36 KST 2026 ---
--- 동기화 시작: Tue Apr 21 10:59:36 KST 2026 ---
변경 사항 없음 및 서버 정상 작동 중.
--- 동기화 종료: Tue Apr 21 10:59:38 KST 2026 ---
--- 동기화 시작: Tue Apr 21 11:04:38 KST 2026 ---
변경 사항 없음 및 서버 정상 작동 중.
--- 동기화 종료: Tue Apr 21 11:04:41 KST 2026 ---
--- 동기화 시작: Tue Apr 21 11:09:41 KST 2026 ---
변경 사항 없음 및 서버 정상 작동 중.
--- 동기화 종료: Tue Apr 21 11:09:43 KST 2026 ---
--- 동기화 시작: Tue Apr 21 11:14:43 KST 2026 ---
변경 사항 없음 및 서버 정상 작동 중.
--- 동기화 종료: Tue Apr 21 11:14:45 KST 2026 ---
--- 동기화 시작: Tue Apr 21 11:19:45 KST 2026 ---
변경 사항 없음 및 서버 정상 작동 중.
--- 동기화 종료: Tue Apr 21 11:19:48 KST 2026 ---
--- 동기화 시작: Tue Apr 21 11:24:48 KST 2026 ---
변경 사항 없음 및 서버 정상 작동 중.
--- 동기화 종료: Tue Apr 21 11:24:50 KST 2026 ---
--- 동기화 시작: Tue Apr 21 11:29:50 KST 2026 ---
변경 사항 없음 및 서버 정상 작동 중.
--- 동기화 종료: Tue Apr 21 11:29:53 KST 2026 ---
--- 동기화 시작: Tue Apr 21 11:34:53 KST 2026 ---
변경 사항 없음 및 서버 정상 작동 중.
--- 동기화 종료: Tue Apr 21 11:34:55 KST 2026 ---
--- 동기화 시작: Tue Apr 21 11:39:55 KST 2026 ---
변경 사항 없음 및 서버 정상 작동 중.
--- 동기화 종료: Tue Apr 21 11:39:58 KST 2026 ---
--- 동기화 시작: Tue Apr 21 11:44:58 KST 2026 ---
새로운 업데이트 발견! 업데이트를 적용합니다.
Updating ac5802d..e7dd6d3
Fast-forward
 frontend/src/main.tsx | 9 ++++-----
 1 file changed, 4 insertions(+), 5 deletions(-)
Sui Move 테스트 실행 중...
[NOTE] Dependencies on Sui, MoveStdlib, Bridge, DeepBook, and SuiSystem are automatically added, but this feature is disabled for your package because you have explicitly included dependencies on Sui. Consider removing these dependencies from `Move.toml`.
INCLUDING DEPENDENCY MoveStdlib
INCLUDING DEPENDENCY Sui
BUILDING goal_coin
warning[W02021]: duplicate alias
  ┌─ ./sources/goal_token.move:2:14
  │
2 │     use std::option;
  │              ^^^^^^ Unnecessary alias 'option' for module 'std::option'. This alias is provided by default
  │
  = This warning can be suppressed with '#[allow(duplicate_alias)]' applied to the 'module' or module member ('const', 'fun', or 'struct')

warning[W09001]: unused alias
  ┌─ ./sources/goal_token.move:3:27
  │
3 │     use sui::coin::{Self, TreasuryCap};
  │                           ^^^^^^^^^^^ Unused 'use' of alias 'TreasuryCap'. Consider removing it
  │
  = This warning can be suppressed with '#[allow(unused_use)]' applied to the 'module' or module member ('const', 'fun', or 'struct')

warning[W02021]: duplicate alias
  ┌─ ./sources/goal_token.move:4:14
  │
4 │     use sui::transfer;
  │              ^^^^^^^^ Unnecessary alias 'transfer' for module 'sui::transfer'. This alias is provided by default
  │
  = This warning can be suppressed with '#[allow(duplicate_alias)]' applied to the 'module' or module member ('const', 'fun', or 'struct')

warning[W02021]: duplicate alias
  ┌─ ./sources/goal_token.move:5:27
  │
5 │     use sui::tx_context::{Self, TxContext};
  │                           ^^^^ Unnecessary alias 'tx_context' for module 'sui::tx_context'. This alias is provided by default
  │
  = This warning can be suppressed with '#[allow(duplicate_alias)]' applied to the 'module' or module member ('const', 'fun', or 'struct')

warning[W02021]: duplicate alias
  ┌─ ./sources/goal_token.move:5:33
  │
5 │     use sui::tx_context::{Self, TxContext};
  │                                 ^^^^^^^^^ Unnecessary alias 'TxContext' for module member 'sui::tx_context::TxContext'. This alias is provided by default
  │
  = This warning can be suppressed with '#[allow(duplicate_alias)]' applied to the 'module' or module member ('const', 'fun', or 'struct')

warning[W04037]: deprecated usage
   ┌─ ./sources/goal_token.move:13:46
   │
13 │         let (treasury_cap, metadata) = coin::create_currency(
   │                                              ^^^^^^^^^^^^^^^ The function 'sui::coin::create_currency' is deprecated: Use `coin_registry::new_currency_with_otw` instead
   │
   = This warning can be suppressed with '#[allow(deprecated_usage)]' applied to the 'module' or module member ('const', 'fun', or 'struct')

Running Move unit tests
[ PASS    ] goal_coin::goal_vault_tests::test_user_deposit
Test result: OK. Total tests: 1; passed: 1; failed: 0
Total number of linter warnings suppressed: 2 (unique lints: 1)
프론트엔드 패키지 업데이트 확인 중...

up to date, audited 214 packages in 407ms

26 packages are looking for funding
  run `npm fund` for details

found 0 vulnerabilities
기존 서버(PID: 64342)를 종료합니다.
프론트엔드 서버를 시작합니다...
서버 시작 완료 (Port: 3001)
--- 동기화 종료: Tue Apr 21 11:45:07 KST 2026 ---
--- 동기화 시작: Tue Apr 21 11:50:07 KST 2026 ---
변경 사항 없음 및 서버 정상 작동 중.
--- 동기화 종료: Tue Apr 21 11:50:10 KST 2026 ---
--- 동기화 시작: Tue Apr 21 11:55:10 KST 2026 ---
변경 사항 없음 및 서버 정상 작동 중.
--- 동기화 종료: Tue Apr 21 11:55:12 KST 2026 ---
--- 동기화 시작: Tue Apr 21 12:00:12 KST 2026 ---
변경 사항 없음 및 서버 정상 작동 중.
--- 동기화 종료: Tue Apr 21 12:00:14 KST 2026 ---
--- 동기화 시작: Tue Apr 21 12:05:14 KST 2026 ---
변경 사항 없음 및 서버 정상 작동 중.
--- 동기화 종료: Tue Apr 21 12:05:17 KST 2026 ---
--- 동기화 시작: Tue Apr 21 12:10:17 KST 2026 ---
변경 사항 없음 및 서버 정상 작동 중.
--- 동기화 종료: Tue Apr 21 12:10:19 KST 2026 ---
--- 동기화 시작: Tue Apr 21 12:15:19 KST 2026 ---
변경 사항 없음 및 서버 정상 작동 중.
--- 동기화 종료: Tue Apr 21 12:15:22 KST 2026 ---
--- 동기화 시작: Tue Apr 21 12:20:22 KST 2026 ---
변경 사항 없음 및 서버 정상 작동 중.
--- 동기화 종료: Tue Apr 21 12:20:24 KST 2026 ---
--- 동기화 시작: Tue Apr 21 12:25:24 KST 2026 ---
변경 사항 없음 및 서버 정상 작동 중.
--- 동기화 종료: Tue Apr 21 12:25:26 KST 2026 ---
--- 동기화 시작: Tue Apr 21 12:30:26 KST 2026 ---
변경 사항 없음 및 서버 정상 작동 중.
--- 동기화 종료: Tue Apr 21 12:30:29 KST 2026 ---
--- 동기화 시작: Tue Apr 21 12:35:29 KST 2026 ---
변경 사항 없음 및 서버 정상 작동 중.
--- 동기화 종료: Tue Apr 21 12:35:31 KST 2026 ---
--- 동기화 시작: Tue Apr 21 12:40:31 KST 2026 ---
변경 사항 없음 및 서버 정상 작동 중.
--- 동기화 종료: Tue Apr 21 12:40:33 KST 2026 ---
--- 동기화 시작: Tue Apr 21 12:45:33 KST 2026 ---
변경 사항 없음 및 서버 정상 작동 중.
--- 동기화 종료: Tue Apr 21 12:45:36 KST 2026 ---
--- 동기화 시작: Tue Apr 21 12:50:36 KST 2026 ---
변경 사항 없음 및 서버 정상 작동 중.
--- 동기화 종료: Tue Apr 21 12:50:38 KST 2026 ---
--- 동기화 시작: Tue Apr 21 12:55:38 KST 2026 ---
변경 사항 없음 및 서버 정상 작동 중.
--- 동기화 종료: Tue Apr 21 12:55:41 KST 2026 ---
--- 동기화 시작: Tue Apr 21 13:00:41 KST 2026 ---
변경 사항 없음 및 서버 정상 작동 중.
--- 동기화 종료: Tue Apr 21 13:00:43 KST 2026 ---
--- 동기화 시작: Tue Apr 21 13:05:43 KST 2026 ---
변경 사항 없음 및 서버 정상 작동 중.
--- 동기화 종료: Tue Apr 21 13:05:45 KST 2026 ---
--- 동기화 시작: Tue Apr 21 13:10:45 KST 2026 ---
변경 사항 없음 및 서버 정상 작동 중.
--- 동기화 종료: Tue Apr 21 13:10:47 KST 2026 ---
--- 동기화 시작: Tue Apr 21 13:15:47 KST 2026 ---
변경 사항 없음 및 서버 정상 작동 중.
--- 동기화 종료: Tue Apr 21 13:15:50 KST 2026 ---
--- 동기화 시작: Tue Apr 21 13:20:50 KST 2026 ---
변경 사항 없음 및 서버 정상 작동 중.
--- 동기화 종료: Tue Apr 21 13:20:52 KST 2026 ---
--- 동기화 시작: Tue Apr 21 13:25:52 KST 2026 ---
변경 사항 없음 및 서버 정상 작동 중.
--- 동기화 종료: Tue Apr 21 13:25:54 KST 2026 ---
--- 동기화 시작: Tue Apr 21 13:30:54 KST 2026 ---
변경 사항 없음 및 서버 정상 작동 중.
--- 동기화 종료: Tue Apr 21 13:30:57 KST 2026 ---
자동 업데이트 및 서버 재시작 시작: Tue Apr 21 13:35:57 KST 2026
HEAD is now at e7dd6d3 Remove getFullnodeUrl import and update RPC URL
기존 서버(PID: 66882)를 종료합니다.
서버가 3001번 포트에서 성공적으로 재시작되었습니다.
자동 업데이트 및 서버 재시작 시작: Tue Apr 21 13:41:00 KST 2026
HEAD is now at e7dd6d3 Remove getFullnodeUrl import and update RPC URL
서버가 3001번 포트에서 성공적으로 재시작되었습니다.
자동 업데이트 및 서버 재시작 시작: Tue Apr 21 13:46:02 KST 2026
HEAD is now at e7dd6d3 Remove getFullnodeUrl import and update RPC URL
서버가 3001번 포트에서 성공적으로 재시작되었습니다.
자동 업데이트 및 서버 재시작 시작: Tue Apr 21 13:51:04 KST 2026
HEAD is now at e7dd6d3 Remove getFullnodeUrl import and update RPC URL
서버가 3001번 포트에서 성공적으로 재시작되었습니다.
자동 업데이트 및 서버 재시작 시작: Tue Apr 21 13:56:07 KST 2026
HEAD is now at e7dd6d3 Remove getFullnodeUrl import and update RPC URL
기존 서버(PID: 68447)를 종료합니다.
서버가 3001번 포트에서 성공적으로 재시작되었습니다.
🔄 시스템 동기화 시작: Tue Apr 21 14:01:09 KST 2026
⬇️ [깃허브 ➔ 맥미니] 깃허브의 코드로 덮어씁니다. (명령어 없을 시 기본값)
HEAD is now at e7dd6d3 Remove getFullnodeUrl import and update RPC URL
✅ 다운로드(덮어쓰기) 완료!
🔄 서버를 초기화하고 재시작합니다...
🎯 서버가 3001번 포트에서 정상적으로 가동되었습니다.
